Fri, 05 Aug 2022 15:55:38 -0400
Fri, 05 Aug 2022 15:56:09 -0400
Fri, 05 Aug 2022 15:56:49 -0400
Fri, 05 Aug 2022 15:57:00 -0400
Fri, 05 Aug 2022 15:57:30 -0400
Fri, 05 Aug 2022 15:57:36 -0400
Fri, 05 Aug 2022 15:58:58 -0400
Fri, 05 Aug 2022 16:02:06 -0400
Fri, 05 Aug 2022 16:02:26 -0400
Fri, 05 Aug 2022 16:02:27 -0400
Fri, 05 Aug 2022 16:02:28 -0400
Fri, 05 Aug 2022 16:02:28 -0400
Fri, 05 Aug 2022 16:02:29 -0400
Fri, 05 Aug 2022 16:02:29 -0400
Fri, 05 Aug 2022 16:02:30 -0400
Fri, 05 Aug 2022 16:02:31 -0400
Fri, 05 Aug 2022 16:02:32 -0400
Fri, 05 Aug 2022 16:02:32 -0400
Fri, 05 Aug 2022 16:02:33 -0400
Fri, 05 Aug 2022 16:02:34 -0400
Fri, 05 Aug 2022 16:08:36 -0400
Fri, 05 Aug 2022 16:08:37 -0400
Fri, 05 Aug 2022 16:09:09 -0400
Fri, 05 Aug 2022 16:10:08 -0400
Fri, 05 Aug 2022 16:10:18 -0400
Fri, 05 Aug 2022 16:10:23 -0400
Fri, 05 Aug 2022 16:11:25 -0400
Fri, 05 Aug 2022 16:12:07 -0400
Fri, 05 Aug 2022 16:12:48 -0400
Fri, 05 Aug 2022 16:14:51 -0400
Fri, 05 Aug 2022 16:14:52 -0400
Fri, 05 Aug 2022 16:14:52 -0400
Fri, 05 Aug 2022 16:14:55 -0400
Fri, 05 Aug 2022 16:14:57 -0400
Fri, 05 Aug 2022 16:14:57 -0400
Fri, 05 Aug 2022 16:18:19 -0400
Fri, 05 Aug 2022 16:18:24 -0400
Fri, 05 Aug 2022 16:18:25 -0400
Fri, 05 Aug 2022 16:27:02 -0400
Fri, 05 Aug 2022 16:28:05 -0400
Fri, 05 Aug 2022 16:28:07 -0400
Fri, 05 Aug 2022 16:28:08 -0400
Fri, 05 Aug 2022 16:28:15 -0400
Fri, 05 Aug 2022 16:28:16 -0400
Fri, 05 Aug 2022 16:30:04 -0400
Fri, 05 Aug 2022 16:30:10 -0400
Fri, 05 Aug 2022 16:32:03 -0400
Fri, 05 Aug 2022 16:32:25 -0400
Fri, 05 Aug 2022 16:38:30 -0400
Fri, 05 Aug 2022 16:38:32 -0400
Fri, 05 Aug 2022 16:44:57 -0400
Fri, 05 Aug 2022 16:45:02 -0400
Fri, 05 Aug 2022 16:46:12 -0400
Fri, 05 Aug 2022 16:47:30 -0400
Fri, 05 Aug 2022 16:47:36 -0400
Fri, 05 Aug 2022 16:48:04 -0400
Fri, 05 Aug 2022 16:48:08 -0400
Fri, 05 Aug 2022 16:48:24 -0400
Fri, 05 Aug 2022 16:48:26 -0400
Fri, 05 Aug 2022 16:48:28 -0400
Fri, 05 Aug 2022 16:49:45 -0400
Fri, 05 Aug 2022 16:49:47 -0400
Fri, 05 Aug 2022 16:49:47 -0400
Fri, 05 Aug 2022 16:50:02 -0400
Fri, 05 Aug 2022 16:50:30 -0400
Fri, 05 Aug 2022 16:51:28 -0400
Fri, 05 Aug 2022 16:51:30 -0400
Fri, 05 Aug 2022 16:51:31 -0400
Fri, 05 Aug 2022 16:52:10 -0400
Fri, 05 Aug 2022 16:53:16 -0400
Fri, 05 Aug 2022 16:53:16 -0400
Fri, 05 Aug 2022 16:53:37 -0400
Fri, 05 Aug 2022 16:53:38 -0400
Fri, 05 Aug 2022 16:53:40 -0400
Fri, 05 Aug 2022 16:53:40 -0400
Fri, 05 Aug 2022 16:53:41 -0400
Fri, 05 Aug 2022 16:53:47 -0400
Fri, 05 Aug 2022 16:53:49 -0400
Fri, 05 Aug 2022 16:54:15 -0400
Fri, 05 Aug 2022 16:54:16 -0400
Fri, 05 Aug 2022 16:54:17 -0400
Fri, 05 Aug 2022 16:54:18 -0400
Fri, 05 Aug 2022 16:54:19 -0400
Fri, 05 Aug 2022 16:54:20 -0400
Fri, 05 Aug 2022 16:54:21 -0400
Fri, 05 Aug 2022 16:55:37 -0400
Fri, 05 Aug 2022 16:55:38 -0400
Fri, 05 Aug 2022 16:55:39 -0400
Fri, 05 Aug 2022 16:55:39 -0400
Fri, 05 Aug 2022 16:56:46 -0400
Fri, 05 Aug 2022 16:56:47 -0400
Fri, 05 Aug 2022 16:56:47 -0400
Fri, 05 Aug 2022 16:57:15 -0400
Fri, 05 Aug 2022 16:57:17 -0400
Fri, 05 Aug 2022 16:59:46 -0400
Fri, 05 Aug 2022 16:59:47 -0400
Fri, 05 Aug 2022 16:59:47 -0400
Fri, 05 Aug 2022 16:59:48 -0400
Fri, 05 Aug 2022 17:01:45 -0400
Fri, 05 Aug 2022 17:01:46 -0400
Fri, 05 Aug 2022 17:01:47 -0400
Fri, 05 Aug 2022 17:01:47 -0400
Fri, 05 Aug 2022 17:01:48 -0400
Fri, 05 Aug 2022 17:01:49 -0400
Fri, 05 Aug 2022 17:01:49 -0400
Fri, 05 Aug 2022 17:02:17 -0400
Fri, 05 Aug 2022 17:05:22 -0400
Fri, 05 Aug 2022 17:05:24 -0400
Fri, 05 Aug 2022 17:05:25 -0400
Fri, 05 Aug 2022 17:05:26 -0400
Fri, 05 Aug 2022 17:05:26 -0400
Fri, 05 Aug 2022 17:05:35 -0400
Fri, 05 Aug 2022 17:05:38 -0400
Fri, 05 Aug 2022 17:10:52 -0400
Fri, 05 Aug 2022 17:10:54 -0400
Fri, 05 Aug 2022 17:11:05 -0400
Fri, 05 Aug 2022 17:11:06 -0400
Fri, 05 Aug 2022 17:11:10 -0400
Fri, 05 Aug 2022 17:11:10 -0400
Fri, 05 Aug 2022 17:11:11 -0400
Fri, 05 Aug 2022 17:12:11 -0400
Fri, 05 Aug 2022 17:12:25 -0400
Fri, 05 Aug 2022 17:13:46 -0400
Fri, 05 Aug 2022 17:14:27 -0400
Fri, 05 Aug 2022 17:14:29 -0400
Fri, 05 Aug 2022 17:14:30 -0400
Fri, 05 Aug 2022 17:16:15 -0400
Fri, 05 Aug 2022 17:16:18 -0400
Fri, 05 Aug 2022 17:16:20 -0400
Fri, 05 Aug 2022 17:16:21 -0400
Fri, 05 Aug 2022 17:16:41 -0400
Fri, 05 Aug 2022 17:16:43 -0400
Fri, 05 Aug 2022 17:17:03 -0400
Fri, 05 Aug 2022 17:17:05 -0400
Fri, 05 Aug 2022 17:17:06 -0400
Fri, 05 Aug 2022 17:17:07 -0400
Fri, 05 Aug 2022 17:17:31 -0400
Fri, 05 Aug 2022 18:16:58 -0400
Fri, 05 Aug 2022 18:17:00 -0400
Fri, 05 Aug 2022 18:17:01 -0400
Fri, 05 Aug 2022 18:17:01 -0400
Fri, 05 Aug 2022 18:17:02 -0400
Fri, 05 Aug 2022 18:17:03 -0400
Fri, 05 Aug 2022 18:17:04 -0400
Fri, 05 Aug 2022 18:17:04 -0400
Fri, 05 Aug 2022 18:17:05 -0400
Fri, 05 Aug 2022 18:17:07 -0400
Fri, 05 Aug 2022 18:17:48 -0400
Fri, 05 Aug 2022 18:17:49 -0400
Fri, 05 Aug 2022 18:18:23 -0400
Fri, 05 Aug 2022 18:18:24 -0400
Fri, 05 Aug 2022 18:18:27 -0400
Fri, 05 Aug 2022 18:18:28 -0400
Fri, 05 Aug 2022 18:18:55 -0400
Fri, 05 Aug 2022 18:18:55 -0400
Fri, 05 Aug 2022 18:19:32 -0400
Fri, 05 Aug 2022 18:19:32 -0400
Fri, 05 Aug 2022 18:19:33 -0400
Fri, 05 Aug 2022 18:19:34 -0400
Fri, 05 Aug 2022 18:19:35 -0400
Fri, 05 Aug 2022 18:20:30 -0400
Fri, 05 Aug 2022 18:20:30 -0400
Fri, 05 Aug 2022 18:20:32 -0400
Fri, 05 Aug 2022 18:20:32 -0400
Fri, 05 Aug 2022 18:20:33 -0400
Fri, 05 Aug 2022 18:20:33 -0400
Fri, 05 Aug 2022 18:20:34 -0400
Fri, 05 Aug 2022 18:20:35 -0400
Fri, 05 Aug 2022 18:20:35 -0400
Fri, 05 Aug 2022 18:21:54 -0400
Fri, 05 Aug 2022 18:21:55 -0400
Fri, 05 Aug 2022 18:21:56 -0400
Fri, 05 Aug 2022 18:21:56 -0400
Fri, 05 Aug 2022 18:22:03 -0400
Fri, 05 Aug 2022 18:22:03 -0400
Fri, 05 Aug 2022 18:22:04 -0400
Fri, 05 Aug 2022 18:38:25 -0400
Fri, 05 Aug 2022 18:38:25 -0400
Fri, 05 Aug 2022 18:38:26 -0400
Fri, 05 Aug 2022 18:38:27 -0400
Fri, 05 Aug 2022 18:38:27 -0400
Fri, 05 Aug 2022 18:38:28 -0400
Fri, 05 Aug 2022 18:38:28 -0400
Fri, 05 Aug 2022 18:39:31 -0400
Fri, 05 Aug 2022 18:39:32 -0400
Fri, 05 Aug 2022 18:39:35 -0400
Fri, 05 Aug 2022 18:39:36 -0400
Fri, 05 Aug 2022 18:39:36 -0400
Fri, 05 Aug 2022 18:39:36 -0400
Fri, 05 Aug 2022 18:39:36 -0400
Fri, 05 Aug 2022 18:39:51 -0400
Fri, 05 Aug 2022 18:39:53 -0400
Fri, 05 Aug 2022 18:39:54 -0400
Fri, 05 Aug 2022 18:39:56 -0400
Fri, 05 Aug 2022 18:42:43 -0400
Fri, 05 Aug 2022 18:42:44 -0400
Fri, 05 Aug 2022 18:42:45 -0400
Fri, 05 Aug 2022 18:42:45 -0400
Fri, 05 Aug 2022 18:42:46 -0400
Fri, 05 Aug 2022 18:42:46 -0400
Fri, 05 Aug 2022 18:42:47 -0400
Fri, 05 Aug 2022 18:42:47 -0400
Fri, 05 Aug 2022 18:42:48 -0400
Fri, 05 Aug 2022 18:43:25 -0400
Fri, 05 Aug 2022 18:43:41 -0400
Fri, 05 Aug 2022 18:43:42 -0400
Fri, 05 Aug 2022 18:43:42 -0400
Fri, 05 Aug 2022 18:43:43 -0400
Fri, 05 Aug 2022 18:43:43 -0400
Fri, 05 Aug 2022 18:44:26 -0400
Fri, 05 Aug 2022 18:44:27 -0400
Fri, 05 Aug 2022 18:44:28 -0400
Fri, 05 Aug 2022 18:44:37 -0400
Fri, 05 Aug 2022 18:44:38 -0400
Fri, 05 Aug 2022 18:44:39 -0400
Fri, 05 Aug 2022 18:44:41 -0400
Fri, 05 Aug 2022 18:45:18 -0400
Fri, 05 Aug 2022 18:46:44 -0400
Fri, 05 Aug 2022 18:46:45 -0400
Fri, 05 Aug 2022 18:46:46 -0400
Fri, 05 Aug 2022 18:47:49 -0400
Fri, 05 Aug 2022 18:47:51 -0400
Fri, 05 Aug 2022 18:47:52 -0400
Fri, 05 Aug 2022 18:53:14 -0400
Fri, 05 Aug 2022 18:53:15 -0400
Fri, 05 Aug 2022 18:53:16 -0400
Fri, 05 Aug 2022 18:53:27 -0400
Fri, 05 Aug 2022 18:53:28 -0400
Fri, 05 Aug 2022 18:53:28 -0400
Fri, 05 Aug 2022 18:53:30 -0400
Fri, 05 Aug 2022 18:53:31 -0400
Fri, 05 Aug 2022 18:53:32 -0400
Fri, 05 Aug 2022 18:53:32 -0400
Fri, 05 Aug 2022 18:53:33 -0400
Fri, 05 Aug 2022 18:53:35 -0400
Fri, 05 Aug 2022 18:53:37 -0400
Fri, 05 Aug 2022 18:54:21 -0400
Fri, 05 Aug 2022 18:54:38 -0400
Fri, 05 Aug 2022 18:54:38 -0400
Fri, 05 Aug 2022 18:54:40 -0400
Fri, 05 Aug 2022 18:54:41 -0400
Fri, 05 Aug 2022 18:54:41 -0400
Fri, 05 Aug 2022 18:54:41 -0400
Fri, 05 Aug 2022 18:54:41 -0400
Fri, 05 Aug 2022 18:54:42 -0400
Fri, 05 Aug 2022 18:54:42 -0400
Fri, 05 Aug 2022 18:54:43 -0400
Fri, 05 Aug 2022 18:54:56 -0400
Fri, 05 Aug 2022 18:54:57 -0400
Fri, 05 Aug 2022 18:54:58 -0400
Fri, 05 Aug 2022 18:54:59 -0400
Fri, 05 Aug 2022 18:55:00 -0400
Fri, 05 Aug 2022 18:55:00 -0400
Fri, 05 Aug 2022 18:55:01 -0400
Fri, 05 Aug 2022 18:55:01 -0400
Fri, 05 Aug 2022 18:55:02 -0400
Fri, 05 Aug 2022 18:55:03 -0400
Fri, 05 Aug 2022 18:55:27 -0400
Fri, 05 Aug 2022 18:55:31 -0400
Fri, 05 Aug 2022 18:55:31 -0400
Fri, 05 Aug 2022 18:55:32 -0400
Fri, 05 Aug 2022 18:55:46 -0400
Fri, 05 Aug 2022 18:55:46 -0400
Fri, 05 Aug 2022 18:55:48 -0400
Fri, 05 Aug 2022 18:55:48 -0400
Fri, 05 Aug 2022 18:55:48 -0400
Fri, 05 Aug 2022 18:55:49 -0400
Fri, 05 Aug 2022 18:55:49 -0400
Fri, 05 Aug 2022 18:55:54 -0400
Fri, 05 Aug 2022 18:55:54 -0400
Fri, 05 Aug 2022 18:56:04 -0400
Fri, 05 Aug 2022 18:56:04 -0400
Fri, 05 Aug 2022 18:56:05 -0400
Fri, 05 Aug 2022 18:56:06 -0400
Fri, 05 Aug 2022 18:56:06 -0400
Fri, 05 Aug 2022 18:56:06 -0400
Fri, 05 Aug 2022 18:56:06 -0400
Fri, 05 Aug 2022 18:56:07 -0400
Fri, 05 Aug 2022 18:56:07 -0400
Fri, 05 Aug 2022 18:56:07 -0400
Fri, 05 Aug 2022 18:56:07 -0400
Fri, 05 Aug 2022 18:56:07 -0400
Fri, 05 Aug 2022 18:56:08 -0400
Fri, 05 Aug 2022 18:56:08 -0400
Fri, 05 Aug 2022 18:56:08 -0400
Fri, 05 Aug 2022 18:56:21 -0400
Fri, 05 Aug 2022 18:56:23 -0400
Fri, 05 Aug 2022 18:56:39 -0400
Fri, 05 Aug 2022 18:56:39 -0400
Fri, 05 Aug 2022 18:56:40 -0400
Fri, 05 Aug 2022 18:56:40 -0400
Fri, 05 Aug 2022 18:56:40 -0400
Fri, 05 Aug 2022 18:56:41 -0400
Fri, 05 Aug 2022 18:56:41 -0400
Fri, 05 Aug 2022 18:56:41 -0400
Fri, 05 Aug 2022 18:58:05 -0400
Fri, 05 Aug 2022 18:58:05 -0400
Fri, 05 Aug 2022 18:58:05 -0400
Fri, 05 Aug 2022 18:58:06 -0400
Fri, 05 Aug 2022 18:58:53 -0400
Fri, 05 Aug 2022 18:58:53 -0400
Fri, 05 Aug 2022 18:58:54 -0400
Fri, 05 Aug 2022 18:58:55 -0400
Fri, 05 Aug 2022 18:58:55 -0400
Fri, 05 Aug 2022 18:58:55 -0400
Fri, 05 Aug 2022 18:59:02 -0400
Fri, 05 Aug 2022 18:59:03 -0400
Fri, 05 Aug 2022 18:59:04 -0400
Fri, 05 Aug 2022 18:59:05 -0400
Fri, 05 Aug 2022 18:59:06 -0400
Fri, 05 Aug 2022 18:59:47 -0400
Fri, 05 Aug 2022 18:59:48 -0400
Fri, 05 Aug 2022 18:59:49 -0400
Fri, 05 Aug 2022 18:59:50 -0400
Fri, 05 Aug 2022 18:59:50 -0400
Fri, 05 Aug 2022 18:59:50 -0400
Fri, 05 Aug 2022 18:59:50 -0400
Fri, 05 Aug 2022 18:59:56 -0400
Fri, 05 Aug 2022 18:59:57 -0400
Fri, 05 Aug 2022 18:59:57 -0400
Fri, 05 Aug 2022 18:59:57 -0400
Fri, 05 Aug 2022 19:00:41 -0400
Fri, 05 Aug 2022 19:00:43 -0400
Fri, 05 Aug 2022 19:00:54 -0400
Fri, 05 Aug 2022 19:00:55 -0400
Fri, 05 Aug 2022 19:00:56 -0400
Fri, 05 Aug 2022 19:01:01 -0400
Fri, 05 Aug 2022 19:01:02 -0400
Fri, 05 Aug 2022 19:01:03 -0400
Fri, 05 Aug 2022 19:01:08 -0400
Fri, 05 Aug 2022 19:01:09 -0400
Fri, 05 Aug 2022 19:01:09 -0400
Fri, 05 Aug 2022 19:01:14 -0400
Fri, 05 Aug 2022 19:01:15 -0400
Fri, 05 Aug 2022 19:01:15 -0400
Fri, 05 Aug 2022 19:01:15 -0400
Fri, 05 Aug 2022 19:01:15 -0400
Fri, 05 Aug 2022 19:01:16 -0400
Fri, 05 Aug 2022 19:01:16 -0400
Fri, 05 Aug 2022 19:01:16 -0400
Fri, 05 Aug 2022 19:01:16 -0400
Fri, 05 Aug 2022 19:01:34 -0400
Fri, 05 Aug 2022 19:01:42 -0400
Fri, 05 Aug 2022 19:08:33 -0400
Fri, 05 Aug 2022 19:15:01 -0400
Fri, 05 Aug 2022 19:16:20 -0400
Fri, 05 Aug 2022 19:46:51 -0400
Fri, 05 Aug 2022 19:46:58 -0400
Fri, 05 Aug 2022 19:50:00 -0400
Fri, 05 Aug 2022 19:50:25 -0400
Fri, 05 Aug 2022 19:50:36 -0400
Fri, 05 Aug 2022 19:50:42 -0400
Fri, 05 Aug 2022 19:51:08 -0400
Fri, 05 Aug 2022 19:51:16 -0400
Fri, 05 Aug 2022 19:51:34 -0400
Fri, 05 Aug 2022 19:51:46 -0400
Fri, 05 Aug 2022 19:51:57 -0400
Fri, 05 Aug 2022 19:52:15 -0400
Fri, 05 Aug 2022 19:52:21 -0400
Fri, 05 Aug 2022 19:52:45 -0400
Fri, 05 Aug 2022 19:54:01 -0400
Fri, 05 Aug 2022 19:55:16 -0400
Fri, 05 Aug 2022 19:55:18 -0400
Fri, 05 Aug 2022 19:57:37 -0400
Fri, 05 Aug 2022 19:57:38 -0400
Fri, 05 Aug 2022 19:58:22 -0400
Fri, 05 Aug 2022 19:59:14 -0400
Fri, 05 Aug 2022 20:02:35 -0400
Fri, 05 Aug 2022 20:04:45 -0400
Fri, 05 Aug 2022 20:04:46 -0400
Fri, 05 Aug 2022 20:05:10 -0400
Fri, 05 Aug 2022 20:05:50 -0400
